app/build/intermediates/manifest_merge_blame_file/debug/manifest-merger-blame-debug-report.txt
1<?xml version="1.0" encoding="utf-8"?>
2<manifest xmlns:android="http://schemas.android.com/apk/res/android"
3    package="com.bahriatownpowerdivision.ehsan.mtp"
4    android:versionCode="1"
5    android:versionName="1.1" >
6
7    <uses-sdk
7-->src\main\AndroidManifest.xml:5:5-71
8        android:maxSdkVersion="29"
8-->src\main\AndroidManifest.xml:5:42-68
9        android:minSdkVersion="14"
9-->src\main\AndroidManifest.xml:5:15-41
10        android:targetSdkVersion="30" />
10-->src\main\AndroidManifest.xml:5:5-71
11
12    <uses-permission android:name="android.permission.WRITE_EXTERNAL_STORAGE" />
12-->src\main\AndroidManifest.xml:6:5-81
12-->src\main\AndroidManifest.xml:6:22-78
13    <uses-permission android:name="android.permission.READ_EXTERNAL_STORAGE" />
13-->src\main\AndroidManifest.xml:7:5-80
13-->src\main\AndroidManifest.xml:7:22-77
14    <uses-permission android:name="android.permission.INTERNET" />
14-->src\main\AndroidManifest.xml:8:5-66
14-->src\main\AndroidManifest.xml:8:22-64
15    <uses-permission android:name="android.permission.CAMERA" />
15-->src\main\AndroidManifest.xml:9:5-65
15-->src\main\AndroidManifest.xml:9:22-62
16    <uses-permission android:name="android.permission.ACCESS_WIFI_STATE" />
16-->src\main\AndroidManifest.xml:10:5-75
16-->src\main\AndroidManifest.xml:10:22-73
17    <uses-permission android:name="android.permission.CALL_PHONE" />
17-->src\main\AndroidManifest.xml:11:5-68
17-->src\main\AndroidManifest.xml:11:22-66
18
19    <uses-feature android:name="android.hardware.camera.autofocus" />
19-->src\main\AndroidManifest.xml:12:5-70
19-->src\main\AndroidManifest.xml:12:19-67
20
21    <uses-permission android:name="android.permission.ACCESS_FINE_LOCATION" />
21-->src\main\AndroidManifest.xml:13:5-78
21-->src\main\AndroidManifest.xml:13:22-76
22    <uses-permission android:name="android.permission.ACCESS_COARSE_LOCATION" />
22-->src\main\AndroidManifest.xml:14:5-80
22-->src\main\AndroidManifest.xml:14:22-78
23
24    <uses-feature android:name="android.hardware.camera" />
24-->src\main\AndroidManifest.xml:15:5-60
24-->src\main\AndroidManifest.xml:15:19-57
25
26    <uses-permission android:name="android.permission.MANAGE_EXTERNAL_STORAGE" />
26-->src\main\AndroidManifest.xml:16:5-81
26-->src\main\AndroidManifest.xml:16:22-79
27
28    <application
28-->src\main\AndroidManifest.xml:18:5-76:19
29        android:name="android.support.multidex.MultiDexApplication"
30        android:allowBackup="false"
30-->src\main\AndroidManifest.xml:19:9-36
31        android:configChanges="screenLayout|orientation|screenSize"
31-->src\main\AndroidManifest.xml:24:9-68
32        android:debuggable="true"
33        android:icon="@mipmap/ic_launcher"
33-->src\main\AndroidManifest.xml:20:8-42
34        android:label="BTPL MR"
34-->src\main\AndroidManifest.xml:21:9-32
35        android:manageSpaceActivity=".MainActivity"
35-->src\main\AndroidManifest.xml:23:9-52
36        android:requestLegacyExternalStorage="true"
36-->src\main\AndroidManifest.xml:22:9-52
37        android:screenOrientation="portrait"
37-->src\main\AndroidManifest.xml:26:9-45
38        android:theme="@style/AppTheme" >
38-->src\main\AndroidManifest.xml:25:9-40
39
40        <!-- android:configChanges="orientation|screenSize" -->
41        <activity
41-->src\main\AndroidManifest.xml:28:9-35:20
42            android:name="com.bahriatownpowerdivision.ehsan.mtp.MainActivity"
42-->src\main\AndroidManifest.xml:29:13-41
43            android:label="BTPL MR" >
43-->src\main\AndroidManifest.xml:30:13-36
44            <intent-filter>
44-->src\main\AndroidManifest.xml:31:13-34:29
45                <action android:name="android.intent.action.MAIN" />
45-->src\main\AndroidManifest.xml:32:17-69
45-->src\main\AndroidManifest.xml:32:25-66
46
47                <category android:name="android.intent.category.LAUNCHER" />
47-->src\main\AndroidManifest.xml:33:17-77
47-->src\main\AndroidManifest.xml:33:27-74
48            </intent-filter>
49        </activity>
50
51        <provider
51-->src\main\AndroidManifest.xml:38:9-46:20
52            android:name="android.support.v4.content.FileProvider"
52-->src\main\AndroidManifest.xml:39:13-67
53            android:authorities="com.bahriatownpowerdivision.ehsan.mtp"
53-->src\main\AndroidManifest.xml:40:13-72
54            android:exported="false"
54-->src\main\AndroidManifest.xml:41:13-37
55            android:grantUriPermissions="true" >
55-->src\main\AndroidManifest.xml:42:13-47
56            <meta-data
56-->src\main\AndroidManifest.xml:43:13-45:64
57                android:name="android.support.FILE_PROVIDER_PATHS"
57-->src\main\AndroidManifest.xml:44:17-67
58                android:resource="@xml/file_paths" />
58-->src\main\AndroidManifest.xml:45:17-51
59        </provider>
60
61        <activity android:name="com.bahriatownpowerdivision.ehsan.mtp.DetailActivity" />
61-->src\main\AndroidManifest.xml:48:9-52
61-->src\main\AndroidManifest.xml:48:19-49
62        <activity
62-->src\main\AndroidManifest.xml:49:9-51:15
63            android:name="com.bahriatownpowerdivision.ehsan.mtp.byMeter"
63-->src\main\AndroidManifest.xml:49:19-42
64            android:configChanges="orientation|screenSize|keyboardHidden" />
64-->src\main\AndroidManifest.xml:50:13-74
65        <activity
65-->src\main\AndroidManifest.xml:52:9-55:15
66            android:name="com.bahriatownpowerdivision.ehsan.mtp.bySerial"
66-->src\main\AndroidManifest.xml:52:19-44
67            android:configChanges="orientation|screenSize|keyboardHidden" />
67-->src\main\AndroidManifest.xml:53:13-74
68        <activity
68-->src\main\AndroidManifest.xml:56:9-59:15
69            android:name="com.bahriatownpowerdivision.ehsan.mtp.byrefrence"
69-->src\main\AndroidManifest.xml:56:19-45
70            android:configChanges="orientation|screenSize|keyboardHidden" />
70-->src\main\AndroidManifest.xml:57:13-74
71        <activity android:name="com.bahriatownpowerdivision.ehsan.mtp.checkreport" />
71-->src\main\AndroidManifest.xml:60:9-48
71-->src\main\AndroidManifest.xml:60:19-46
72        <activity
72-->src\main\AndroidManifest.xml:61:9-63:15
73            android:name="com.bahriatownpowerdivision.ehsan.mtp.bybatch"
73-->src\main\AndroidManifest.xml:61:19-42
74            android:configChanges="orientation|screenSize|keyboardHidden" />
74-->src\main\AndroidManifest.xml:62:13-74
75        <activity android:name="com.bahriatownpowerdivision.ehsan.mtp.newc" />
75-->src\main\AndroidManifest.xml:64:9-51
75-->src\main\AndroidManifest.xml:64:19-39
76        <activity android:name="com.bahriatownpowerdivision.ehsan.mtp.importdata" />
76-->src\main\AndroidManifest.xml:65:9-47
76-->src\main\AndroidManifest.xml:65:19-45
77        <activity android:name="com.bahriatownpowerdivision.ehsan.mtp.Exportdata" />
77-->src\main\AndroidManifest.xml:66:9-47
77-->src\main\AndroidManifest.xml:66:19-45
78        <activity android:name="com.bahriatownpowerdivision.ehsan.mtp.configuration" />
78-->src\main\AndroidManifest.xml:67:9-60
78-->src\main\AndroidManifest.xml:67:19-48
79        <activity android:name="com.bahriatownpowerdivision.ehsan.mtp.aboutapp" />
79-->src\main\AndroidManifest.xml:68:9-45
79-->src\main\AndroidManifest.xml:68:19-43
80        <activity android:name="com.bahriatownpowerdivision.ehsan.mtp.help" />
80-->src\main\AndroidManifest.xml:69:9-41
80-->src\main\AndroidManifest.xml:69:19-39
81        <activity android:name="com.bahriatownpowerdivision.ehsan.mtp.noreading" />
81-->src\main\AndroidManifest.xml:70:9-46
81-->src\main\AndroidManifest.xml:70:19-44
82        <activity android:name="com.bahriatownpowerdivision.ehsan.mtp.counter" />
82-->src\main\AndroidManifest.xml:71:9-54
82-->src\main\AndroidManifest.xml:71:19-42
83        <activity android:name="com.bahriatownpowerdivision.ehsan.mtp.checkreport2" />
83-->src\main\AndroidManifest.xml:72:9-59
83-->src\main\AndroidManifest.xml:72:19-47
84        <activity android:name="com.bahriatownpowerdivision.ehsan.mtp.checkreport3" />
84-->src\main\AndroidManifest.xml:73:9-59
84-->src\main\AndroidManifest.xml:73:19-47
85        <activity android:name="com.bahriatownpowerdivision.ehsan.mtp.developer" />
85-->src\main\AndroidManifest.xml:74:9-46
85-->src\main\AndroidManifest.xml:74:19-44
86        />
87        <activity
87-->[com.karumi:dexter:4.2.0] AndroidManifest.xml:27:9-29:72
88            android:name="com.karumi.dexter.DexterActivity"
88-->[com.karumi:dexter:4.2.0] AndroidManifest.xml:28:13-60
89            android:theme="@style/Dexter.Internal.Theme.Transparent" />
89-->[com.karumi:dexter:4.2.0] AndroidManifest.xml:29:13-69
90
91        <meta-data
91-->[com.android.support:design:26.1.0] AndroidManifest.xml:26:9-28:38
92            android:name="android.support.VERSION"
92-->[com.android.support:design:26.1.0] AndroidManifest.xml:27:13-51
93            android:value="26.1.0" />
93-->[com.android.support:design:26.1.0] AndroidManifest.xml:28:13-35
94        <meta-data
94-->[android.arch.lifecycle:runtime:1.0.0] AndroidManifest.xml:25:9-27:47
95            android:name="android.arch.lifecycle.VERSION"
95-->[android.arch.lifecycle:runtime:1.0.0] AndroidManifest.xml:26:13-58
96            android:value="27.0.0-SNAPSHOT" />
96-->[android.arch.lifecycle:runtime:1.0.0] AndroidManifest.xml:27:13-44
97    </application>
98
99</manifest>